Information: Updating design information... (UID-85)
 
****************************************
Report : timing
        -path full
        -delay min
        -max_paths 1
Design : MyDesign
Version: T-2022.03-SP4
Date   : Wed Nov  6 20:46:59 2024
****************************************

Operating Conditions: fast   Library: NangateOpenCellLibrary_PDKv1_2_v2008_10_fast_nldm
Wire Load Model Mode: top

  Startpoint: temp_count_var_C_count_reg[30]
              (rising edge-triggered flip-flop clocked by clk)
  Endpoint: temp_count_var_C_count_reg[30]
            (rising edge-triggered flip-flop clocked by clk)
  Path Group: clk
  Path Type: min

  Point                                                   Incr       Path
  --------------------------------------------------------------------------
  clock clk (rise edge)                                 0.0000     0.0000
  clock network delay (ideal)                           0.0000     0.0000
  temp_count_var_C_count_reg[30]/CK (DFF_X1)            0.0000     0.0000 r
  temp_count_var_C_count_reg[30]/Q (DFF_X1)             0.0573     0.0573 r
  U12311/ZN (AOI22_X1)                                  0.0184     0.0757 f
  temp_count_var_C_count_reg[30]/D (DFF_X1)             0.0000     0.0757 f
  data arrival time                                                0.0757

  clock clk (rise edge)                                 0.0000     0.0000
  clock network delay (ideal)                           0.0000     0.0000
  clock uncertainty                                     0.0500     0.0500
  temp_count_var_C_count_reg[30]/CK (DFF_X1)            0.0000     0.0500 r
  library hold time                                     0.0004     0.0504
  data required time                                               0.0504
  --------------------------------------------------------------------------
  data required time                                               0.0504
  data arrival time                                               -0.0757
  --------------------------------------------------------------------------
  slack (MET)                                                      0.0253


1
